<?xml version="1.0" encoding="UTF-8"?>
<!-- Generated by org.testng.reporters.JUnitReportReporter -->
<testsuite hostname="SriprasadKoushik" failures="0" tests="6" name="api.test.DDTests" time="9.450" errors="0" timestamp="2023-10-23T10:19:01 IST" skipped="0">
  <testcase classname="api.test.DDTests" name="testPostuser" time="3.625"/>
  <system-out/>
  <testcase classname="api.test.DDTests" name="testPostuser" time="1.149"/>
  <system-out/>
  <testcase classname="api.test.DDTests" name="testPostuser" time="1.196"/>
  <system-out/>
  <testcase classname="api.test.DDTests" name="testDeleteUserByName" time="1.167"/>
  <system-out/>
  <testcase classname="api.test.DDTests" name="testDeleteUserByName" time="1.175"/>
  <system-out/>
  <testcase classname="api.test.DDTests" name="testDeleteUserByName" time="1.138"/>
  <system-out/>
</testsuite> <!-- api.test.DDTests -->
