<?xml version="1.0" encoding="UTF-8"?>
<!-- Generated by org.testng.reporters.JUnitReportReporter -->
<testsuite hostname="SriprasadKoushik" failures="0" tests="4" name="api.test.UserTests" time="8.544" errors="0" timestamp="2023-10-23T16:13:39 IST" skipped="0">
  <testcase classname="api.test.UserTests" name="testPostUser" time="3.709"/>
  <system-out/>
  <testcase classname="api.test.UserTests" name="testGetUserByName" time="1.244"/>
  <system-out/>
  <testcase classname="api.test.UserTests" name="testUpdateUserByName" time="2.425"/>
  <system-out/>
  <testcase classname="api.test.UserTests" name="testDeleteUserByName" time="1.166"/>
  <system-out/>
</testsuite> <!-- api.test.UserTests -->
