<?xml version="1.0" encoding="UTF-8"?>
<!-- Generated by org.testng.reporters.JUnitReportReporter -->
<testsuite hostname="DESKTOP-LQSVVBR" failures="0" tests="6" name="api.test.DDTests" time="9.561" errors="0" timestamp="2023-07-02T08:30:27 IST" skipped="0">
  <testcase classname="api.test.DDTests" name="testPostuser" time="1.223"/>
  <system-out/>
  <testcase classname="api.test.DDTests" name="testPostuser" time="3.784"/>
  <system-out/>
  <testcase classname="api.test.DDTests" name="testPostuser" time="1.108"/>
  <system-out/>
  <testcase classname="api.test.DDTests" name="testDeleteUserByName" time="1.136"/>
  <system-out/>
  <testcase classname="api.test.DDTests" name="testDeleteUserByName" time="1.154"/>
  <system-out/>
  <testcase classname="api.test.DDTests" name="testDeleteUserByName" time="1.156"/>
  <system-out/>
</testsuite> <!-- api.test.DDTests -->
