<?xml version="1.0" encoding="UTF-8"?>
<!-- Generated by org.testng.reporters.JUnitReportReporter -->
<testsuite hostname="DESKTOP-LQSVVBR" failures="0" tests="4" name="api.test.UserTests_By_Using_PropertiesFile" time="5.807" errors="0" timestamp="2023-07-02T12:47:20 IST" skipped="0">
  <testcase classname="api.test.UserTests_By_Using_PropertiesFile" name="testPostUser" time="1.185"/>
  <system-out/>
  <testcase classname="api.test.UserTests_By_Using_PropertiesFile" name="testGetUserByName" time="1.211"/>
  <system-out/>
  <testcase classname="api.test.UserTests_By_Using_PropertiesFile" name="testUpdateUserByName" time="2.263"/>
  <system-out/>
  <testcase classname="api.test.UserTests_By_Using_PropertiesFile" name="testDeleteUserByName" time="1.148"/>
  <system-out/>
</testsuite> <!-- api.test.UserTests_By_Using_PropertiesFile -->
