<?xml version="1.0" encoding="UTF-8"?>
<!-- Generated by org.testng.reporters.JUnitReportReporter -->
<testsuite hostname="DESKTOP-LQSVVBR" failures="0" tests="4" name="api.test.UserTests" time="8.461" errors="0" timestamp="2023-07-02T12:47:20 IST" skipped="0">
  <testcase classname="api.test.UserTests" name="testPostUser" time="4.053"/>
  <system-out/>
  <testcase classname="api.test.UserTests" name="testGetUserByName" time="1.133"/>
  <system-out/>
  <testcase classname="api.test.UserTests" name="testUpdateUserByName" time="2.157"/>
  <system-out/>
  <testcase classname="api.test.UserTests" name="testDeleteUserByName" time="1.118"/>
  <system-out/>
</testsuite> <!-- api.test.UserTests -->
