<?xml version="1.0" encoding="UTF-8"?>
<!-- Generated by org.testng.reporters.JUnitReportReporter -->
<testsuite hostname="DESKTOP-LQSVVBR" failures="0" tests="4" name="api.test.UserTests_By_Using_PropertiesFile" time="5.502" errors="0" timestamp="2023-07-02T15:38:19 IST" skipped="0">
  <testcase classname="api.test.UserTests_By_Using_PropertiesFile" name="testPostUser" time="1.067"/>
  <system-out/>
  <testcase classname="api.test.UserTests_By_Using_PropertiesFile" name="testGetUserByName" time="1.200"/>
  <system-out/>
  <testcase classname="api.test.UserTests_By_Using_PropertiesFile" name="testUpdateUserByName" time="2.137"/>
  <system-out/>
  <testcase classname="api.test.UserTests_By_Using_PropertiesFile" name="testDeleteUserByName" time="1.098"/>
  <system-out/>
</testsuite> <!-- api.test.UserTests_By_Using_PropertiesFile -->
