<?xml version="1.0" encoding="UTF-8"?>
<!-- Generated by org.testng.reporters.JUnitReportReporter -->
<testsuite hostname="SriprasadKoushik" failures="0" tests="4" name="api.test.UserTests" time="8.726" errors="0" timestamp="2023-10-23T16:55:08 IST" skipped="0">
  <testcase classname="api.test.UserTests" name="testPostUser" time="3.981"/>
  <system-out/>
  <testcase classname="api.test.UserTests" name="testGetUserByName" time="1.239"/>
  <system-out/>
  <testcase classname="api.test.UserTests" name="testUpdateUserByName" time="2.346"/>
  <system-out/>
  <testcase classname="api.test.UserTests" name="testDeleteUserByName" time="1.160"/>
  <system-out/>
</testsuite> <!-- api.test.UserTests -->
