<?xml version="1.0" encoding="UTF-8"?>
<!-- Generated by org.testng.reporters.JUnitReportReporter -->
<testsuite hostname="DESKTOP-LQSVVBR" failures="0" tests="4" name="api.test.UserTests" time="7.955" errors="0" timestamp="2023-07-02T15:38:19 IST" skipped="0">
  <testcase classname="api.test.UserTests" name="testPostUser" time="3.530"/>
  <system-out/>
  <testcase classname="api.test.UserTests" name="testGetUserByName" time="1.098"/>
  <system-out/>
  <testcase classname="api.test.UserTests" name="testUpdateUserByName" time="2.260"/>
  <system-out/>
  <testcase classname="api.test.UserTests" name="testDeleteUserByName" time="1.067"/>
  <system-out/>
</testsuite> <!-- api.test.UserTests -->
