<?xml version="1.0" encoding="UTF-8"?>
<!-- Generated by org.testng.reporters.JUnitReportReporter -->
<testsuite hostname="SriprasadKoushik" failures="0" tests="4" name="api.test.UserTests_By_Using_PropertiesFile" time="5.925" errors="0" timestamp="2023-10-23T16:55:08 IST" skipped="0">
  <testcase classname="api.test.UserTests_By_Using_PropertiesFile" name="testPostUser" time="1.188"/>
  <system-out/>
  <testcase classname="api.test.UserTests_By_Using_PropertiesFile" name="testGetUserByName" time="1.175"/>
  <system-out/>
  <testcase classname="api.test.UserTests_By_Using_PropertiesFile" name="testUpdateUserByName" time="2.413"/>
  <system-out/>
  <testcase classname="api.test.UserTests_By_Using_PropertiesFile" name="testDeleteUserByName" time="1.149"/>
  <system-out/>
</testsuite> <!-- api.test.UserTests_By_Using_PropertiesFile -->
